>>> Starting Agent Boot Sequence...
[1/6] Checking User Account               [OK]
   ... Running as service user 'agent-admin' (uid=1001)
[2/6] Verifying Environment Variables     [OK]
   ... All required Envs correct
[3/6] Checking Required Files             [OK]
   ... Verified 'secret.key' with correct key string.
[4/6] Checking Port Availability          [OK]
   ... Port 15034 is available.
[5/6] Verifying Log Permission            [OK]
   ... Log directory is writable: /var/log/agent-leak-app
[6/6] Verifying Mission Environment       [OK]
   ... MEMORY_LIMIT=256MB, CPU_MAX_OCCUPY=95%, MULTI_THREAD_ENABLE=False
------------------------------------------------------------
All Boot Checks Passed!
Agent READY
2026-06-05 16:00:10,384 [INFO] [SafetyGuard] Process priority lowered (nice=10).
2026-06-05 16:00:10,385 [INFO] Agent listening at port 15034

==================================================
 [ Agent Initiate ] Resource Check 
==================================================
 [ MEMORY ] Limit: 256MB 		[ WARNING: Recommend Over 256MB ]
 [ CPU    ] Limit: 95%  		[ WARNING: Recommend Under 50% ]
 [ THREAD ] Concurrency: False 		[ OK ]
--------------------------------------------------
 >>> SYSTEM STATUS: STABLE. STARTING WORKLOAD MONITORING...
==================================================

2026-06-05 16:00:12,402 [INFO] [MemoryWorker] Current Heap: 25MB
2026-06-05 16:00:15,420 [INFO] [MemoryWorker] Current Heap: 50MB
2026-06-05 16:00:18,444 [INFO] [MemoryWorker] Current Heap: 75MB
2026-06-05 16:00:21,466 [INFO] [MemoryWorker] Current Heap: 100MB
2026-06-05 16:00:24,487 [INFO] [MemoryWorker] Current Heap: 125MB
2026-06-05 16:00:27,396 [INFO] [MemoryWorker] Current Heap: 150MB
2026-06-05 16:00:30,424 [INFO] [MemoryWorker] Current Heap: 175MB
2026-06-05 16:00:33,445 [INFO] [MemoryWorker] Current Heap: 200MB
2026-06-05 16:00:36,459 [INFO] [MemoryWorker] Current Heap: 225MB
2026-06-05 16:00:39,485 [INFO] [MemoryWorker] Current Heap: 250MB
2026-06-05 16:00:42,491 [INFO] [MemoryWorker] Current Heap: 275MB
2026-06-05 16:00:42,491 [CRITICAL] [MemoryGuard] Memory limit exceeded (275MB >= 256MB) / (Recommend Over 256MB)
2026-06-05 16:00:42,491 [CRITICAL] [MemoryGuard] Self-terminating process 1193 to prevent system instability.
