>>> Starting Agent Boot Sequence...
[1/6] Checking User Account               [OK]
   ... Running as service user 'agent-admin' (uid=1001)
[2/6] Verifying Environment Variables     [OK]
   ... All required Envs correct
[3/6] Checking Required Files             [OK]
   ... Verified 'secret.key' with correct key string.
[4/6] Checking Port Availability          [OK]
   ... Port 15034 is available.
[5/6] Verifying Log Permission            [OK]
   ... Log directory is writable: /var/log/agent-leak-app
[6/6] Verifying Mission Environment       [OK]
   ... MEMORY_LIMIT=64MB, CPU_MAX_OCCUPY=95%, MULTI_THREAD_ENABLE=False
------------------------------------------------------------
All Boot Checks Passed!
Agent READY
2026-06-05 15:58:38,358 [INFO] [SafetyGuard] Process priority lowered (nice=10).
2026-06-05 15:58:38,359 [INFO] Agent listening at port 15034

==================================================
 [ Agent Initiate ] Resource Check 
==================================================
 [ MEMORY ] Limit: 64MB 		[ WARNING: Recommend Over 256MB ]
 [ CPU    ] Limit: 95%  		[ WARNING: Recommend Under 50% ]
 [ THREAD ] Concurrency: False 		[ OK ]
--------------------------------------------------
 >>> SYSTEM STATUS: STABLE. STARTING WORKLOAD MONITORING...
==================================================

2026-06-05 15:58:40,368 [INFO] [MemoryWorker] Current Heap: 25MB
2026-06-05 15:58:43,381 [INFO] [MemoryWorker] Current Heap: 50MB
2026-06-05 15:58:46,404 [INFO] [MemoryWorker] Current Heap: 75MB
2026-06-05 15:58:46,405 [CRITICAL] [MemoryGuard] Memory limit exceeded (75MB >= 64MB) / (Recommend Over 256MB)
2026-06-05 15:58:46,405 [CRITICAL] [MemoryGuard] Self-terminating process 764 to prevent system instability.
