>>> Starting Agent Boot Sequence...
[1/6] Checking User Account               [OK]
   ... Running as service user 'agent-admin' (uid=1001)
[2/6] Verifying Environment Variables     [OK]
   ... All required Envs correct
[3/6] Checking Required Files             [OK]
   ... Verified 'secret.key' with correct key string.
[4/6] Checking Port Availability          [OK]
   ... Port 15034 is available.
[5/6] Verifying Log Permission            [OK]
   ... Log directory is writable: /var/log/agent-leak-app
[6/6] Verifying Mission Environment       [OK]
   ... MEMORY_LIMIT=512MB, CPU_MAX_OCCUPY=20%, MULTI_THREAD_ENABLE=True
------------------------------------------------------------
All Boot Checks Passed!
Agent READY
2026-06-22 16:57:09,320 [INFO] [SafetyGuard] Process priority lowered (nice=10).
2026-06-22 16:57:09,321 [INFO] Agent listening at port 15034

==================================================
 [ Agent Initiate ] Resource Check
==================================================
 [ MEMORY ] Limit: 512MB 		[ OK ]
 [ CPU    ] Limit: 20%  		[ OK ]
 [ THREAD ] Concurrency: True 		[ WARNING ]
--------------------------------------------------
 >>> SYSTEM WARNING: POTENTIAL DEADLOCK IN CONCURRENT MODE.
==================================================

2026-06-22 16:57:11,335 [WARNING] [AgentWorker] Initializing concurrent transaction processors...
2026-06-22 16:57:11,335 [WARNING] [System] CAUTION: Strict resource locking is enabled.
2026-06-22 16:57:16,339 [INFO] [Worker-Thread-1] Process Started. Attempting to lock [Shared_Memory_A]...
2026-06-22 16:57:16,339 [INFO] [AgentWorker][Worker-Thread-1] LOCK ACQUIRED: [Shared_Memory_A]. (Holding...)
2026-06-22 16:57:16,340 [INFO] [AgentWorker][Worker-Thread-2] Process Started. Attempting to lock [Socket_Pool_B]...
2026-06-22 16:57:16,340 [INFO] [AgentWorker][Worker-Thread-1] Processing critical data in Memory A...
2026-06-22 16:57:16,340 [INFO] [AgentWorker] Waiting for worker threads to complete transactions...
2026-06-22 16:57:16,341 [INFO] [AgentWorker][Worker-Thread-2] LOCK ACQUIRED: [Socket_Pool_B]. (Holding...)
2026-06-22 16:57:16,341 [INFO] [AgentWorker][Worker-Thread-2] Establishing network connections in Pool B...
2026-06-22 16:57:18,353 [INFO] [AgentWorker][Worker-Thread-1] Need resource [Socket_Pool_B] to finish job.
2026-06-22 16:57:18,353 [INFO] [AgentWorker][Worker-Thread-1] WAITING for [Socket_Pool_B]... (Status: BLOCKED)
2026-06-22 16:57:18,357 [INFO] [AgentWorker][Worker-Thread-2] Need resource [Shared_Memory_A] to write logs.
2026-06-22 16:57:18,357 [INFO] [AgentWorker][Worker-Thread-2] WAITING for [Shared_Memory_A]... (Status: BLOCKED)

# (16:57:18,357 이후 90초+ 추가 출력 없음 — 영구 무응답)
